# JRE version: OpenJDK Runtime Environment Temurin-17.0.3+7 (17.0.3+7) (build 17.0.3+7)
# Java VM: OpenJDK 64-Bit Server VM Temurin-17.0.3+7 (17.0.3+7, mixed mode, emulated-client, tiered, compressed oops, compressed class ptrs, g1 gc, windows-amd64)
GC Precious Log:
 CPUs: 8 total, 8 available
 Memory: 12198M
 Large Page Support: Disabled
 NUMA Support: Disabled
 Compressed Oops: Enabled (Zero based)
 Heap Region Size: 2M
 Heap Min Capacity: 8M
 Heap Initial Capacity: 192M
 Heap Max Capacity: 3050M
 Pre-touch: Disabled
 Parallel Workers: 8
 Concurrent Workers: 2
 Concurrent Refinement Workers: 8
 Periodic GC: Disabled
Heap:
 garbage-first heap   total 96256K, used 26567K [0x0000000741600000, 0x0000000800000000)
  region size 2048K, 1 young (2048K), 0 survivors (0K)
 Metaspace       used 51488K, committed 51904K, reserved 1097728K
  class space    used 6716K, committed 6848K, reserved 1048576K
GC Heap History (20 events):
Event: 174171.109 GC heap before
{Heap before GC invocations=9730 (full 9697):
 garbage-first heap   total 96256K, used 26567K [0x0000000741600000, 0x0000000800000000)
  region size 2048K, 1 young (2048K), 0 survivors (0K)
 Metaspace       used 51488K, committed 51904K, reserved 1097728K
  class space    used 6716K, committed 6848K, reserved 1048576K
}
Event: 174171.139 GC heap after
{Heap after GC invocations=9731 (full 9698):
 garbage-first heap   total 96256K, used 26567K [0x0000000741600000, 0x0000000800000000)
  region size 2048K, 0 young (0K), 0 survivors (0K)
 Metaspace       used 51488K, committed 51904K, reserved 1097728K
  class space    used 6716K, committed 6848K, reserved 1048576K
}
Event: 174181.258 GC heap before
{Heap before GC invocations=9731 (full 9698):
 garbage-first heap   total 96256K, used 26567K [0x0000000741600000, 0x0000000800000000)
  region size 2048K, 1 young (2048K), 0 survivors (0K)
 Metaspace       used 51488K, committed 51904K, reserved 1097728K
  class space    used 6716K, committed 6848K, reserved 1048576K
}
Event: 174181.287 GC heap after
{Heap after GC invocations=9732 (full 9699):
 garbage-first heap   total 96256K, used 26567K [0x0000000741600000, 0x0000000800000000)
  region size 2048K, 0 young (0K), 0 survivors (0K)
 Metaspace       used 51488K, committed 51904K, reserved 1097728K
  class space    used 6716K, committed 6848K, reserved 1048576K
}
Event: 174191.573 GC heap before
{Heap before GC invocations=9732 (full 9699):
 garbage-first heap   total 96256K, used 26567K [0x0000000741600000, 0x0000000800000000)
  region size 2048K, 1 young (2048K), 0 survivors (0K)
 Metaspace       used 51488K, committed 51904K, reserved 1097728K
  class space    used 6716K, committed 6848K, reserved 1048576K
}
Event: 174191.651 GC heap after
{Heap after GC invocations=9733 (full 9700):
 garbage-first heap   total 96256K, used 26567K [0x0000000741600000, 0x0000000800000000)
  region size 2048K, 0 young (0K), 0 survivors (0K)
 Metaspace       used 51488K, committed 51904K, reserved 1097728K
  class space    used 6716K, committed 6848K, reserved 1048576K
}
Event: 174201.806 GC heap before
{Heap before GC invocations=9733 (full 9700):
 garbage-first heap   total 96256K, used 26567K [0x0000000741600000, 0x0000000800000000)
  region size 2048K, 1 young (2048K), 0 survivors (0K)
 Metaspace       used 51488K, committed 51904K, reserved 1097728K
  class space    used 6716K, committed 6848K, reserved 1048576K
}
Event: 174201.830 GC heap after
{Heap after GC invocations=9734 (full 9701):
 garbage-first heap   total 96256K, used 26567K [0x0000000741600000, 0x0000000800000000)
  region size 2048K, 0 young (0K), 0 survivors (0K)
 Metaspace       used 51488K, committed 51904K, reserved 1097728K
  class space    used 6716K, committed 6848K, reserved 1048576K
}
Event: 174211.965 GC heap before
{Heap before GC invocations=9734 (full 9701):
 garbage-first heap   total 96256K, used 26567K [0x0000000741600000, 0x0000000800000000)
  region size 2048K, 1 young (2048K), 0 survivors (0K)
 Metaspace       used 51488K, committed 51904K, reserved 1097728K
  class space    used 6716K, committed 6848K, reserved 1048576K
}
Event: 174211.993 GC heap after
{Heap after GC invocations=9735 (full 9702):
 garbage-first heap   total 96256K, used 26567K [0x0000000741600000, 0x0000000800000000)
  region size 2048K, 0 young (0K), 0 survivors (0K)
 Metaspace       used 51488K, committed 51904K, reserved 1097728K
  class space    used 6716K, committed 6848K, reserved 1048576K
}
Event: 174222.118 GC heap before
{Heap before GC invocations=9735 (full 9702):
 garbage-first heap   total 96256K, used 26567K [0x0000000741600000, 0x0000000800000000)
  region size 2048K, 1 young (2048K), 0 survivors (0K)
 Metaspace       used 51488K, committed 51904K, reserved 1097728K
  class space    used 6716K, committed 6848K, reserved 1048576K
}
Event: 174222.144 GC heap after
{Heap after GC invocations=9736 (full 9703):
 garbage-first heap   total 96256K, used 26567K [0x0000000741600000, 0x0000000800000000)
  region size 2048K, 0 young (0K), 0 survivors (0K)
 Metaspace       used 51488K, committed 51904K, reserved 1097728K
  class space    used 6716K, committed 6848K, reserved 1048576K
}
Event: 174232.278 GC heap before
{Heap before GC invocations=9736 (full 9703):
 garbage-first heap   total 96256K, used 26567K [0x0000000741600000, 0x0000000800000000)
  region size 2048K, 1 young (2048K), 0 survivors (0K)
 Metaspace       used 51488K, committed 51904K, reserved 1097728K
  class space    used 6716K, committed 6848K, reserved 1048576K
}
Event: 174232.304 GC heap after
{Heap after GC invocations=9737 (full 9704):
 garbage-first heap   total 96256K, used 26567K [0x0000000741600000, 0x0000000800000000)
  region size 2048K, 0 young (0K), 0 survivors (0K)
 Metaspace       used 51488K, committed 51904K, reserved 1097728K
  class space    used 6716K, committed 6848K, reserved 1048576K
}
Event: 174242.448 GC heap before
{Heap before GC invocations=9737 (full 9704):
 garbage-first heap   total 96256K, used 26567K [0x0000000741600000, 0x0000000800000000)
  region size 2048K, 1 young (2048K), 0 survivors (0K)
 Metaspace       used 51488K, committed 51904K, reserved 1097728K
  class space    used 6716K, committed 6848K, reserved 1048576K
}
Event: 174242.472 GC heap after
{Heap after GC invocations=9738 (full 9705):
 garbage-first heap   total 96256K, used 26567K [0x0000000741600000, 0x0000000800000000)
  region size 2048K, 0 young (0K), 0 survivors (0K)
 Metaspace       used 51488K, committed 51904K, reserved 1097728K
  class space    used 6716K, committed 6848K, reserved 1048576K
}
Event: 174252.994 GC heap before
{Heap before GC invocations=9738 (full 9705):
 garbage-first heap   total 96256K, used 26567K [0x0000000741600000, 0x0000000800000000)
  region size 2048K, 1 young (2048K), 0 survivors (0K)
 Metaspace       used 51488K, committed 51904K, reserved 1097728K
  class space    used 6716K, committed 6848K, reserved 1048576K
}
Event: 174253.125 GC heap after
{Heap after GC invocations=9739 (full 9706):
 garbage-first heap   total 96256K, used 26567K [0x0000000741600000, 0x0000000800000000)
  region size 2048K, 0 young (0K), 0 survivors (0K)
 Metaspace       used 51488K, committed 51904K, reserved 1097728K
  class space    used 6716K, committed 6848K, reserved 1048576K
}
Event: 174263.371 GC heap before
{Heap before GC invocations=9739 (full 9706):
 garbage-first heap   total 96256K, used 26567K [0x0000000741600000, 0x0000000800000000)
  region size 2048K, 1 young (2048K), 0 survivors (0K)
 Metaspace       used 51488K, committed 51904K, reserved 1097728K
  class space    used 6716K, committed 6848K, reserved 1048576K
}
Event: 174263.431 GC heap after
{Heap after GC invocations=9740 (full 9707):
 garbage-first heap   total 96256K, used 26567K [0x0000000741600000, 0x0000000800000000)
  region size 2048K, 0 young (0K), 0 survivors (0K)
 Metaspace       used 51488K, committed 51904K, reserved 1097728K
  class space    used 6716K, committed 6848K, reserved 1048576K
}

